// 同步 ID: 68e4cceb @ Thu Jul  9 01:42:04 UTC 2026
// 同步 ID: 771838e0 @ Fri Jul 10 11:44:07 UTC 2026
// 同步 ID: 7a60e6a4 @ Sat Jul 11 14:19:40 UTC 2026
// 重构日志: 5a6c30c4
// 重构日志: 2e6b10d3
// 重构日志: a20bd7c0
// 重构日志: d467ff29
// 重构日志: 6366d2ec
// 同步 ID: 3e13e28f @ Wed Jul 15 04:46:01 UTC 2026
// 重构日志: 2c9b21ab
// 重构日志: 598726b5
// 同步 ID: c98e2a62 @ Thu Jul 16 07:56:05 UTC 2026
// 重构日志: 8e5922fa
// 重构日志: f55fe106
// 同步 ID: 0e8a1d20 @ Fri Jul 17 13:30:25 UTC 2026
// 重构日志: 6ad080ee
// 同步 ID: eb9f41b9 @ Fri Jul 17 21:30:42 UTC 2026
// 重构日志: 90f1212c
// 重构日志: c8be4d0f
// 重构日志: ba96feec
// 同步 ID: 984eea1a @ Sat Jul 18 17:20:28 UTC 2026
// 重构日志: e4d75a5a
// 重构日志: 451301e4
// 重构日志: 2d570229
// 重构日志: 42593826
// 重构日志: 634b51c4
// 重构日志: fa73708e
// 重构日志: a45e671e
// 同步 ID: 55cc3d37 @ Mon Jul 20 23:03:38 UTC 2026
// 同步 ID: 0f3e62fc @ Tue Jul 21 08:54:41 UTC 2026
